Arguments: 
  /usr/bin/node /usr/share/yarn/bin/yarn.js build --watch

PATH: 
  /home/ukeagle/.rbenv/shims:/home/ukeagle/.rbenv/bin:/home/ukeagle/.rbenv/bin:/usr/local/sbin:/usr/local/bin:/usr/sbin:/usr/bin:/sbin:/bin:/usr/games:/usr/local/games:/mnt/c/Program Files/WindowsApps/CanonicalGroupLimited.Ubuntu_2204.1.7.0_x64__79rhkp1fndgsc:/mnt/c/Program Files (x86)/Common Files/Intel/Shared Libraries/redist/intel64/compiler:/mnt/c/WINDOWS/system32:/mnt/c/WINDOWS:/mnt/c/WINDOWS/System32/Wbem:/mnt/c/WINDOWS/System32/WindowsPowerShell/v1.0/:/mnt/c/WINDOWS/System32/OpenSSH/:/mnt/c/Program Files/PuTTY/:/mnt/c/Program Files/Git/cmd:/mnt/c/Ruby31-x64/bin:/mnt/c/Users/NetPear/AppData/Local/Microsoft/WindowsApps:/mnt/c/Program Files/JetBrains/RubyMine 2022.2.3/bin:/mnt/c/Users/NetPear/AppData/Local/Programs/Microsoft VS Code/bin:/snap/bin:/usr/local/bin

Yarn version: 
  1.22.19

Node version: 
  18.12.0

Platform: 
  linux x64

Trace: 
  SyntaxError: /code/rails/jobboard/package.json: Unexpected token { in JSON at position 57
      at JSON.parse (<anonymous>)
      at /usr/share/yarn/lib/cli.js:1629:59
      at Generator.next (<anonymous>)
      at step (/usr/share/yarn/lib/cli.js:310:30)
      at /usr/share/yarn/lib/cli.js:321:13

npm manifest: 
  {
    "dependencies": {},
    
    "license": "UNLICENSED"
  
  }
  
  {
    "scripts": {
        "start": "node ./index.js",
    } 
  }

yarn manifest: 
  No manifest

Lockfile: 
  # THIS IS AN AUTOGENERATED FILE. DO NOT EDIT THIS FILE DIRECTLY.
  # yarn lockfile v1
